<?xml version="1.0" encoding="UTF-8"?>
<!-- Generated by org.testng.reporters.JUnitReportReporter -->
<testsuite hostname="DESKTOP-P7V8EE3" failures="0" tests="1" name="com.hrms.testscripts.TC001" time="145.357" errors="0" timestamp="2024-03-16T22:21:21 IST" skipped="0">
  <testcase classname="com.hrms.testscripts.TC001" name="Run" time="145.357"/>
  <system-out>
    <![CDATA[application is open
login successfull]]>
  </system-out>
</testsuite> <!-- com.hrms.testscripts.TC001 -->
