<?xml version="1.0" encoding="UTF-8"?>
<!-- Generated by org.testng.reporters.JUnitReportReporter -->
<testsuite hostname="DESKTOP-P7V8EE3" failures="0" tests="1" name="com.hrms.testscripts.TC001" time="5.652" errors="0" timestamp="2023-12-12T16:05:17 IST" skipped="0">
  <testcase classname="com.hrms.testscripts.TC001" name="TC001" time="5.652"/>
  <system-out>
    <![CDATA[opened application
logout completed
application closed]]>
  </system-out>
</testsuite> <!-- com.hrms.testscripts.TC001 -->
